{"/Users/marcossilva/Documents/Udemy/Node/CLEAN-NODE-API/src/data/usecases/add-account/add-account.ts": {"path":"/Users/marcossilva/Documents/Udemy/Node/CLEAN-NODE-API/src/data/usecases/add-account/add-account.ts","statementMap":{"0":{"start":{"line":6,"column":28},"end":{"line":11,"column":10}},"1":{"start":{"line":13,"column":8},"end":{"line":13,"column":60}},"2":{"start":{"line":13,"column":38},"end":{"line":13,"column":58}},"3":{"start":{"line":4,"column":0},"end":{"line":4,"column":13}}},"fnMap":{"0":{"name":"(anonymous_0)","decl":{"start":{"line":5,"column":4},"end":{"line":5,"column":9}},"loc":{"start":{"line":5,"column":39},"end":{"line":14,"column":5}}},"1":{"name":"(anonymous_1)","decl":{"start":{"line":13,"column":27},"end":{"line":13,"column":34}},"loc":{"start":{"line":13,"column":38},"end":{"line":13,"column":58}}}},"branchMap":{},"s":{"0":3,"1":3,"2":3,"3":1},"f":{"0":3,"1":3},"b":{}}
,"/Users/marcossilva/Documents/Udemy/Node/CLEAN-NODE-API/src/data/usecases/add-account/db-add-account.ts": {"path":"/Users/marcossilva/Documents/Udemy/Node/CLEAN-NODE-API/src/data/usecases/add-account/db-add-account.ts","statementMap":{"0":{"start":{"line":5,"column":24},"end":{"line":5,"column":44}},"1":{"start":{"line":5,"column":54},"end":{"line":5,"column":96}},"2":{"start":{"line":8,"column":32},"end":{"line":8,"column":82}},"3":{"start":{"line":9,"column":8},"end":{"line":9,"column":96}},"4":{"start":{"line":4,"column":0},"end":{"line":4,"column":13}}},"fnMap":{"0":{"name":"(anonymous_0)","decl":{"start":{"line":5,"column":4},"end":{"line":5,"column":24}},"loc":{"start":{"line":5,"column":96},"end":{"line":5,"column":100}}},"1":{"name":"(anonymous_1)","decl":{"start":{"line":7,"column":4},"end":{"line":7,"column":9}},"loc":{"start":{"line":7,"column":43},"end":{"line":10,"column":5}}}},"branchMap":{},"s":{"0":5,"1":5,"2":5,"3":4,"4":1},"f":{"0":5,"1":5},"b":{}}
,"/Users/marcossilva/Documents/Udemy/Node/CLEAN-NODE-API/src/infra/criptography/bcrypt-adapter.ts": {"path":"/Users/marcossilva/Documents/Udemy/Node/CLEAN-NODE-API/src/infra/criptography/bcrypt-adapter.ts","statementMap":{"0":{"start":{"line":2,"column":0},"end":{"line":2,"column":28}},"1":{"start":{"line":5,"column":24},"end":{"line":5,"column":36}},"2":{"start":{"line":7,"column":7},"end":{"line":7,"column":44}},"3":{"start":{"line":4,"column":0},"end":{"line":4,"column":13}}},"fnMap":{"0":{"name":"(anonymous_1)","decl":{"start":{"line":5,"column":4},"end":{"line":5,"column":24}},"loc":{"start":{"line":5,"column":36},"end":{"line":5,"column":40}}},"1":{"name":"(anonymous_2)","decl":{"start":{"line":6,"column":3},"end":{"line":6,"column":8}},"loc":{"start":{"line":6,"column":30},"end":{"line":8,"column":5}}}},"branchMap":{},"s":{"0":1,"1":3,"2":3,"3":1},"f":{"0":3,"1":3},"b":{}}
,"/Users/marcossilva/Documents/Udemy/Node/CLEAN-NODE-API/src/infra/db/mongodb/account-repository/accounts.ts": {"path":"/Users/marcossilva/Documents/Udemy/Node/CLEAN-NODE-API/src/infra/db/mongodb/account-repository/accounts.ts","statementMap":{"0":{"start":{"line":4,"column":0},"end":{"line":4,"column":54}},"1":{"start":{"line":8,"column":34},"end":{"line":8,"column":71}},"2":{"start":{"line":9,"column":23},"end":{"line":9,"column":69}},"3":{"start":{"line":10,"column":24},"end":{"line":10,"column":83}},"4":{"start":{"line":11,"column":8},"end":{"line":11,"column":40}},"5":{"start":{"line":6,"column":0},"end":{"line":6,"column":13}}},"fnMap":{"0":{"name":"(anonymous_0)","decl":{"start":{"line":7,"column":4},"end":{"line":7,"column":9}},"loc":{"start":{"line":7,"column":42},"end":{"line":12,"column":5}}}},"branchMap":{},"s":{"0":1,"1":1,"2":1,"3":1,"4":1,"5":1},"f":{"0":1},"b":{}}
,"/Users/marcossilva/Documents/Udemy/Node/CLEAN-NODE-API/src/infra/db/mongodb/helpers/mongo-helper.ts": {"path":"/Users/marcossilva/Documents/Udemy/Node/CLEAN-NODE-API/src/infra/db/mongodb/helpers/mongo-helper.ts","statementMap":{"0":{"start":{"line":1,"column":0},"end":{"line":1,"column":48}},"1":{"start":{"line":3,"column":13},"end":{"line":22,"column":null}},"2":{"start":{"line":6,"column":8},"end":{"line":6,"column":53}},"3":{"start":{"line":10,"column":8},"end":{"line":10,"column":34}},"4":{"start":{"line":11,"column":8},"end":{"line":11,"column":27}},"5":{"start":{"line":15,"column":8},"end":{"line":15,"column":null}},"6":{"start":{"line":19,"column":48},"end":{"line":19,"column":58}},"7":{"start":{"line":20,"column":8},"end":{"line":20,"column":60}}},"fnMap":{"0":{"name":"(anonymous_0)","decl":{"start":{"line":5,"column":4},"end":{"line":5,"column":9}},"loc":{"start":{"line":5,"column":29},"end":{"line":7,"column":5}}},"1":{"name":"(anonymous_1)","decl":{"start":{"line":9,"column":4},"end":{"line":9,"column":9}},"loc":{"start":{"line":9,"column":20},"end":{"line":12,"column":5}}},"2":{"name":"(anonymous_2)","decl":{"start":{"line":14,"column":4},"end":{"line":14,"column":17}},"loc":{"start":{"line":14,"column":31},"end":{"line":16,"column":5}}},"3":{"name":"(anonymous_3)","decl":{"start":{"line":18,"column":9},"end":{"line":18,"column":10}},"loc":{"start":{"line":18,"column":34},"end":{"line":21,"column":5}}}},"branchMap":{},"s":{"0":1,"1":1,"2":1,"3":1,"4":1,"5":2,"6":1,"7":1},"f":{"0":1,"1":1,"2":2,"3":1},"b":{}}
,"/Users/marcossilva/Documents/Udemy/Node/CLEAN-NODE-API/src/main/server.ts": {"path":"/Users/marcossilva/Documents/Udemy/Node/CLEAN-NODE-API/src/main/server.ts","statementMap":{"0":{"start":{"line":2,"column":0},"end":{"line":2,"column":69}},"1":{"start":{"line":3,"column":0},"end":{"line":3,"column":31}},"2":{"start":{"line":5,"column":0},"end":{"line":10,"column":null}},"3":{"start":{"line":6,"column":16},"end":{"line":6,"column":55}},"4":{"start":{"line":6,"column":17},"end":{"line":6,"column":46}},"5":{"start":{"line":7,"column":4},"end":{"line":7,"column":94}},"6":{"start":{"line":7,"column":31},"end":{"line":7,"column":92}},"7":{"start":{"line":9,"column":4},"end":{"line":9,"column":23}}},"fnMap":{"0":{"name":"(anonymous_10)","decl":{"start":{"line":5,"column":39},"end":{"line":5,"column":44}},"loc":{"start":{"line":5,"column":50},"end":{"line":8,"column":1}}},"1":{"name":"(anonymous_11)","decl":{"start":{"line":6,"column":17},"end":{"line":6,"column":31}},"loc":{"start":{"line":6,"column":17},"end":{"line":6,"column":46}}},"2":{"name":"(anonymous_12)","decl":{"start":{"line":7,"column":25},"end":{"line":7,"column":28}},"loc":{"start":{"line":7,"column":31},"end":{"line":7,"column":92}}},"3":{"name":"(anonymous_13)","decl":{"start":{"line":8,"column":9},"end":{"line":8,"column":10}},"loc":{"start":{"line":8,"column":17},"end":{"line":10,"column":1}}}},"branchMap":{},"s":{"0":0,"1":0,"2":0,"3":0,"4":0,"5":0,"6":0,"7":0},"f":{"0":0,"1":0,"2":0,"3":0},"b":{}}
,"/Users/marcossilva/Documents/Udemy/Node/CLEAN-NODE-API/src/main/config/app.ts": {"path":"/Users/marcossilva/Documents/Udemy/Node/CLEAN-NODE-API/src/main/config/app.ts","statementMap":{"0":{"start":{"line":1,"column":0},"end":{"line":1,"column":36}},"1":{"start":{"line":2,"column":0},"end":{"line":2,"column":45}},"2":{"start":{"line":3,"column":0},"end":{"line":3,"column":35}},"3":{"start":{"line":5,"column":12},"end":{"line":5,"column":21}},"4":{"start":{"line":6,"column":0},"end":{"line":6,"column":22}},"5":{"start":{"line":7,"column":0},"end":{"line":7,"column":17}},"6":{"start":{"line":8,"column":0},"end":{"line":8,"column":19}}},"fnMap":{},"branchMap":{},"s":{"0":3,"1":3,"2":3,"3":3,"4":3,"5":3,"6":3},"f":{},"b":{}}
,"/Users/marcossilva/Documents/Udemy/Node/CLEAN-NODE-API/src/main/config/env.ts": {"path":"/Users/marcossilva/Documents/Udemy/Node/CLEAN-NODE-API/src/main/config/env.ts","statementMap":{"0":{"start":{"line":1,"column":0},"end":{"line":4,"column":null}}},"fnMap":{},"branchMap":{"0":{"loc":{"start":{"line":2,"column":14},"end":{"line":2,"column":81}},"type":"binary-expr","locations":[{"start":{"line":2,"column":14},"end":{"line":2,"column":35}},{"start":{"line":2,"column":39},"end":{"line":2,"column":81}}]},"1":{"loc":{"start":{"line":3,"column":10},"end":{"line":3,"column":34}},"type":"binary-expr","locations":[{"start":{"line":3,"column":10},"end":{"line":3,"column":26}},{"start":{"line":3,"column":30},"end":{"line":3,"column":34}}]}},"s":{"0":0},"f":{},"b":{"0":[0,0],"1":[0,0]}}
,"/Users/marcossilva/Documents/Udemy/Node/CLEAN-NODE-API/src/main/config/middlewares.ts": {"path":"/Users/marcossilva/Documents/Udemy/Node/CLEAN-NODE-API/src/main/config/middlewares.ts","statementMap":{"0":{"start":{"line":2,"column":0},"end":{"line":2,"column":61}},"1":{"start":{"line":4,"column":0},"end":{"line":8,"column":null}},"2":{"start":{"line":5,"column":4},"end":{"line":5,"column":24}},"3":{"start":{"line":6,"column":4},"end":{"line":6,"column":18}},"4":{"start":{"line":7,"column":4},"end":{"line":7,"column":25}}},"fnMap":{"0":{"name":"(anonymous_0)","decl":{"start":{"line":4,"column":15},"end":{"line":4,"column":16}},"loc":{"start":{"line":4,"column":38},"end":{"line":8,"column":1}}}},"branchMap":{},"s":{"0":3,"1":3,"2":3,"3":3,"4":3},"f":{"0":3},"b":{}}
,"/Users/marcossilva/Documents/Udemy/Node/CLEAN-NODE-API/src/main/config/routes.ts": {"path":"/Users/marcossilva/Documents/Udemy/Node/CLEAN-NODE-API/src/main/config/routes.ts","statementMap":{"0":{"start":{"line":3,"column":0},"end":{"line":5,"column":null}}},"fnMap":{"0":{"name":"(anonymous_0)","decl":{"start":{"line":3,"column":15},"end":{"line":3,"column":16}},"loc":{"start":{"line":3,"column":38},"end":{"line":5,"column":1}}}},"branchMap":{},"s":{"0":3},"f":{"0":3},"b":{}}
,"/Users/marcossilva/Documents/Udemy/Node/CLEAN-NODE-API/src/main/factories/signup.ts": {"path":"/Users/marcossilva/Documents/Udemy/Node/CLEAN-NODE-API/src/main/factories/signup.ts","statementMap":{"0":{"start":{"line":1,"column":0},"end":{"line":1,"column":78}},"1":{"start":{"line":2,"column":0},"end":{"line":2,"column":74}},"2":{"start":{"line":3,"column":0},"end":{"line":3,"column":76}},"3":{"start":{"line":4,"column":0},"end":{"line":4,"column":70}},"4":{"start":{"line":5,"column":0},"end":{"line":5,"column":90}},"5":{"start":{"line":7,"column":36},"end":{"line":14,"column":1}},"6":{"start":{"line":8,"column":17},"end":{"line":8,"column":19}},"7":{"start":{"line":9,"column":27},"end":{"line":9,"column":54}},"8":{"start":{"line":10,"column":26},"end":{"line":10,"column":49}},"9":{"start":{"line":11,"column":35},"end":{"line":11,"column":63}},"10":{"start":{"line":12,"column":25},"end":{"line":12,"column":80}},"11":{"start":{"line":13,"column":4},"end":{"line":13,"column":62}},"12":{"start":{"line":7,"column":13},"end":{"line":7,"column":36}}},"fnMap":{"0":{"name":"(anonymous_0)","decl":{"start":{"line":7,"column":36},"end":{"line":7,"column":58}},"loc":{"start":{"line":7,"column":60},"end":{"line":14,"column":1}}}},"branchMap":{},"s":{"0":0,"1":0,"2":0,"3":0,"4":0,"5":0,"6":0,"7":0,"8":0,"9":0,"10":0,"11":0,"12":0},"f":{"0":0},"b":{}}
,"/Users/marcossilva/Documents/Udemy/Node/CLEAN-NODE-API/src/main/middlewares/body-parser.ts": {"path":"/Users/marcossilva/Documents/Udemy/Node/CLEAN-NODE-API/src/main/middlewares/body-parser.ts","statementMap":{"0":{"start":{"line":1,"column":0},"end":{"line":1,"column":29}},"1":{"start":{"line":3,"column":13},"end":{"line":3,"column":33}}},"fnMap":{},"branchMap":{},"s":{"0":3,"1":3},"f":{},"b":{}}
,"/Users/marcossilva/Documents/Udemy/Node/CLEAN-NODE-API/src/main/middlewares/content-type.ts": {"path":"/Users/marcossilva/Documents/Udemy/Node/CLEAN-NODE-API/src/main/middlewares/content-type.ts","statementMap":{"0":{"start":{"line":3,"column":28},"end":{"line":6,"column":1}},"1":{"start":{"line":4,"column":4},"end":{"line":4,"column":21}},"2":{"start":{"line":5,"column":4},"end":{"line":5,"column":11}},"3":{"start":{"line":3,"column":13},"end":{"line":3,"column":28}}},"fnMap":{"0":{"name":"(anonymous_0)","decl":{"start":{"line":3,"column":28},"end":{"line":3,"column":29}},"loc":{"start":{"line":3,"column":86},"end":{"line":6,"column":1}}}},"branchMap":{},"s":{"0":3,"1":4,"2":4,"3":3},"f":{"0":4},"b":{}}
,"/Users/marcossilva/Documents/Udemy/Node/CLEAN-NODE-API/src/main/middlewares/cors.ts": {"path":"/Users/marcossilva/Documents/Udemy/Node/CLEAN-NODE-API/src/main/middlewares/cors.ts","statementMap":{"0":{"start":{"line":3,"column":21},"end":{"line":8,"column":1}},"1":{"start":{"line":4,"column":4},"end":{"line":4,"column":48}},"2":{"start":{"line":5,"column":4},"end":{"line":5,"column":48}},"3":{"start":{"line":6,"column":4},"end":{"line":6,"column":49}},"4":{"start":{"line":7,"column":4},"end":{"line":7,"column":11}},"5":{"start":{"line":3,"column":13},"end":{"line":3,"column":21}}},"fnMap":{"0":{"name":"(anonymous_0)","decl":{"start":{"line":3,"column":21},"end":{"line":3,"column":22}},"loc":{"start":{"line":3,"column":79},"end":{"line":8,"column":1}}}},"branchMap":{},"s":{"0":3,"1":4,"2":4,"3":4,"4":4,"5":3},"f":{"0":4},"b":{}}
,"/Users/marcossilva/Documents/Udemy/Node/CLEAN-NODE-API/src/main/middlewares/index.ts": {"path":"/Users/marcossilva/Documents/Udemy/Node/CLEAN-NODE-API/src/main/middlewares/index.ts","statementMap":{"0":{"start":{"line":1,"column":0},"end":{"line":1,"column":30}},"1":{"start":{"line":2,"column":0},"end":{"line":2,"column":31}},"2":{"start":{"line":3,"column":0},"end":{"line":3,"column":23}}},"fnMap":{},"branchMap":{},"s":{"0":3,"1":3,"2":3},"f":{},"b":{}}
,"/Users/marcossilva/Documents/Udemy/Node/CLEAN-NODE-API/src/main/routes/signup-routes.ts": {"path":"/Users/marcossilva/Documents/Udemy/Node/CLEAN-NODE-API/src/main/routes/signup-routes.ts","statementMap":{"0":{"start":{"line":1,"column":0},"end":{"line":1,"column":40}},"1":{"start":{"line":2,"column":0},"end":{"line":2,"column":33}},"2":{"start":{"line":5,"column":0},"end":{"line":9,"column":null}},"3":{"start":{"line":6,"column":19},"end":{"line":6,"column":27}},"4":{"start":{"line":7,"column":4},"end":{"line":7,"column":28}},"5":{"start":{"line":8,"column":4},"end":{"line":8,"column":76}},"6":{"start":{"line":8,"column":57},"end":{"line":8,"column":74}}},"fnMap":{"0":{"name":"(anonymous_1)","decl":{"start":{"line":5,"column":15},"end":{"line":5,"column":16}},"loc":{"start":{"line":5,"column":38},"end":{"line":9,"column":1}}},"1":{"name":"(anonymous_2)","decl":{"start":{"line":8,"column":49},"end":{"line":8,"column":53}},"loc":{"start":{"line":8,"column":57},"end":{"line":8,"column":74}}}},"branchMap":{},"s":{"0":0,"1":0,"2":0,"3":0,"4":0,"5":0,"6":0},"f":{"0":0,"1":0},"b":{}}
,"/Users/marcossilva/Documents/Udemy/Node/CLEAN-NODE-API/src/presentation/controllers/signup/signup.ts": {"path":"/Users/marcossilva/Documents/Udemy/Node/CLEAN-NODE-API/src/presentation/controllers/signup/signup.ts","statementMap":{"0":{"start":{"line":2,"column":0},"end":{"line":2,"column":70}},"1":{"start":{"line":3,"column":0},"end":{"line":3,"column":66}},"2":{"start":{"line":7,"column":33},"end":{"line":7,"column":63}},"3":{"start":{"line":7,"column":82},"end":{"line":7,"column":104}},"4":{"start":{"line":10,"column":8},"end":{"line":40,"column":9}},"5":{"start":{"line":11,"column":66},"end":{"line":11,"column":82}},"6":{"start":{"line":13,"column":35},"end":{"line":13,"column":88}},"7":{"start":{"line":15,"column":12},"end":{"line":19,"column":13}},"8":{"start":{"line":16,"column":16},"end":{"line":18,"column":17}},"9":{"start":{"line":17,"column":20},"end":{"line":17,"column":68}},"10":{"start":{"line":21,"column":12},"end":{"line":23,"column":13}},"11":{"start":{"line":22,"column":16},"end":{"line":22,"column":83}},"12":{"start":{"line":25,"column":28},"end":{"line":25,"column":62}},"13":{"start":{"line":27,"column":12},"end":{"line":29,"column":13}},"14":{"start":{"line":28,"column":16},"end":{"line":28,"column":68}},"15":{"start":{"line":31,"column":28},"end":{"line":35,"column":14}},"16":{"start":{"line":37,"column":11},"end":{"line":37,"column":30}},"17":{"start":{"line":39,"column":12},"end":{"line":39,"column":33}},"18":{"start":{"line":5,"column":0},"end":{"line":5,"column":13}}},"fnMap":{"0":{"name":"(anonymous_0)","decl":{"start":{"line":7,"column":4},"end":{"line":7,"column":33}},"loc":{"start":{"line":7,"column":104},"end":{"line":7,"column":109}}},"1":{"name":"(anonymous_1)","decl":{"start":{"line":9,"column":4},"end":{"line":9,"column":9}},"loc":{"start":{"line":9,"column":41},"end":{"line":41,"column":5}}}},"branchMap":{"0":{"loc":{"start":{"line":16,"column":16},"end":{"line":18,"column":17}},"type":"if","locations":[{"start":{"line":16,"column":16},"end":{"line":18,"column":17}},{"start":{},"end":{}}]},"1":{"loc":{"start":{"line":21,"column":12},"end":{"line":23,"column":13}},"type":"if","locations":[{"start":{"line":21,"column":12},"end":{"line":23,"column":13}},{"start":{},"end":{}}]},"2":{"loc":{"start":{"line":27,"column":12},"end":{"line":29,"column":13}},"type":"if","locations":[{"start":{"line":27,"column":12},"end":{"line":29,"column":13}},{"start":{},"end":{}}]}},"s":{"0":1,"1":1,"2":11,"3":11,"4":11,"5":11,"6":11,"7":11,"8":38,"9":4,"10":7,"11":1,"12":6,"13":5,"14":1,"15":4,"16":3,"17":2,"18":1},"f":{"0":11,"1":11},"b":{"0":[4,34],"1":[1,6],"2":[1,4]}}
,"/Users/marcossilva/Documents/Udemy/Node/CLEAN-NODE-API/src/presentation/errors/index.ts": {"path":"/Users/marcossilva/Documents/Udemy/Node/CLEAN-NODE-API/src/presentation/errors/index.ts","statementMap":{"0":{"start":{"line":1,"column":0},"end":{"line":1,"column":37}},"1":{"start":{"line":2,"column":0},"end":{"line":2,"column":37}},"2":{"start":{"line":3,"column":0},"end":{"line":3,"column":30}}},"fnMap":{},"branchMap":{},"s":{"0":1,"1":1,"2":1},"f":{},"b":{}}
,"/Users/marcossilva/Documents/Udemy/Node/CLEAN-NODE-API/src/presentation/errors/invalid-param-error.ts": {"path":"/Users/marcossilva/Documents/Udemy/Node/CLEAN-NODE-API/src/presentation/errors/invalid-param-error.ts","statementMap":{"0":{"start":{"line":3,"column":8},"end":{"line":3,"column":45}},"1":{"start":{"line":4,"column":8},"end":{"line":4,"column":40}},"2":{"start":{"line":1,"column":0},"end":{"line":1,"column":13}}},"fnMap":{"0":{"name":"(anonymous_0)","decl":{"start":{"line":2,"column":4},"end":{"line":2,"column":16}},"loc":{"start":{"line":2,"column":33},"end":{"line":5,"column":5}}}},"branchMap":{},"s":{"0":4,"1":4,"2":1},"f":{"0":4},"b":{}}
,"/Users/marcossilva/Documents/Udemy/Node/CLEAN-NODE-API/src/presentation/errors/missing-param-error.ts": {"path":"/Users/marcossilva/Documents/Udemy/Node/CLEAN-NODE-API/src/presentation/errors/missing-param-error.ts","statementMap":{"0":{"start":{"line":3,"column":8},"end":{"line":3,"column":45}},"1":{"start":{"line":4,"column":8},"end":{"line":4,"column":40}},"2":{"start":{"line":1,"column":0},"end":{"line":1,"column":13}}},"fnMap":{"0":{"name":"(anonymous_0)","decl":{"start":{"line":2,"column":4},"end":{"line":2,"column":16}},"loc":{"start":{"line":2,"column":33},"end":{"line":5,"column":5}}}},"branchMap":{},"s":{"0":8,"1":8,"2":1},"f":{"0":8},"b":{}}
,"/Users/marcossilva/Documents/Udemy/Node/CLEAN-NODE-API/src/presentation/errors/server-error.ts": {"path":"/Users/marcossilva/Documents/Udemy/Node/CLEAN-NODE-API/src/presentation/errors/server-error.ts","statementMap":{"0":{"start":{"line":3,"column":8},"end":{"line":3,"column":39}},"1":{"start":{"line":4,"column":8},"end":{"line":4,"column":34}},"2":{"start":{"line":1,"column":0},"end":{"line":1,"column":13}}},"fnMap":{"0":{"name":"(anonymous_0)","decl":{"start":{"line":2,"column":4},"end":{"line":2,"column":null}},"loc":{"start":{"line":2,"column":4},"end":{"line":5,"column":5}}}},"branchMap":{},"s":{"0":4,"1":4,"2":1},"f":{"0":4},"b":{}}
,"/Users/marcossilva/Documents/Udemy/Node/CLEAN-NODE-API/src/presentation/helpers/http-helper.ts": {"path":"/Users/marcossilva/Documents/Udemy/Node/CLEAN-NODE-API/src/presentation/helpers/http-helper.ts","statementMap":{"0":{"start":{"line":2,"column":0},"end":{"line":2,"column":38}},"1":{"start":{"line":4,"column":26},"end":{"line":7,"column":2}},"2":{"start":{"line":4,"column":59},"end":{"line":7,"column":2}},"3":{"start":{"line":4,"column":13},"end":{"line":4,"column":26}},"4":{"start":{"line":10,"column":27},"end":{"line":13,"column":2}},"5":{"start":{"line":10,"column":48},"end":{"line":13,"column":2}},"6":{"start":{"line":10,"column":13},"end":{"line":10,"column":27}},"7":{"start":{"line":15,"column":18},"end":{"line":18,"column":2}},"8":{"start":{"line":15,"column":48},"end":{"line":18,"column":2}},"9":{"start":{"line":15,"column":13},"end":{"line":15,"column":18}}},"fnMap":{"0":{"name":"(anonymous_0)","decl":{"start":{"line":4,"column":26},"end":{"line":4,"column":27}},"loc":{"start":{"line":4,"column":59},"end":{"line":7,"column":2}}},"1":{"name":"(anonymous_1)","decl":{"start":{"line":10,"column":27},"end":{"line":10,"column":44}},"loc":{"start":{"line":10,"column":48},"end":{"line":13,"column":2}}},"2":{"name":"(anonymous_2)","decl":{"start":{"line":15,"column":18},"end":{"line":15,"column":19}},"loc":{"start":{"line":15,"column":48},"end":{"line":18,"column":2}}}},"branchMap":{},"s":{"0":1,"1":1,"2":6,"3":1,"4":1,"5":2,"6":1,"7":1,"8":3,"9":1},"f":{"0":6,"1":2,"2":3},"b":{}}
,"/Users/marcossilva/Documents/Udemy/Node/CLEAN-NODE-API/src/tests/helpers/add-account-repository-stub.ts": {"path":"/Users/marcossilva/Documents/Udemy/Node/CLEAN-NODE-API/src/tests/helpers/add-account-repository-stub.ts","statementMap":{"0":{"start":{"line":6,"column":28},"end":{"line":11,"column":null}},"1":{"start":{"line":12,"column":7},"end":{"line":12,"column":59}},"2":{"start":{"line":12,"column":37},"end":{"line":12,"column":57}},"3":{"start":{"line":4,"column":0},"end":{"line":4,"column":13}}},"fnMap":{"0":{"name":"(anonymous_0)","decl":{"start":{"line":5,"column":4},"end":{"line":5,"column":9}},"loc":{"start":{"line":5,"column":43},"end":{"line":13,"column":5}}},"1":{"name":"(anonymous_1)","decl":{"start":{"line":12,"column":26},"end":{"line":12,"column":33}},"loc":{"start":{"line":12,"column":37},"end":{"line":12,"column":57}}}},"branchMap":{},"s":{"0":3,"1":3,"2":3,"3":1},"f":{"0":3,"1":3},"b":{}}
,"/Users/marcossilva/Documents/Udemy/Node/CLEAN-NODE-API/src/tests/helpers/email-validator-stub.ts": {"path":"/Users/marcossilva/Documents/Udemy/Node/CLEAN-NODE-API/src/tests/helpers/email-validator-stub.ts","statementMap":{"0":{"start":{"line":5,"column":8},"end":{"line":5,"column":20}},"1":{"start":{"line":3,"column":0},"end":{"line":3,"column":13}}},"fnMap":{"0":{"name":"(anonymous_0)","decl":{"start":{"line":4,"column":4},"end":{"line":4,"column":11}},"loc":{"start":{"line":4,"column":26},"end":{"line":6,"column":5}}}},"branchMap":{},"s":{"0":4,"1":1},"f":{"0":4},"b":{}}
,"/Users/marcossilva/Documents/Udemy/Node/CLEAN-NODE-API/src/tests/helpers/encrypter-stub.ts": {"path":"/Users/marcossilva/Documents/Udemy/Node/CLEAN-NODE-API/src/tests/helpers/encrypter-stub.ts","statementMap":{"0":{"start":{"line":3,"column":8},"end":{"line":3,"column":76}},"1":{"start":{"line":3,"column":48},"end":{"line":3,"column":74}},"2":{"start":{"line":1,"column":0},"end":{"line":1,"column":13}}},"fnMap":{"0":{"name":"(anonymous_0)","decl":{"start":{"line":2,"column":4},"end":{"line":2,"column":9}},"loc":{"start":{"line":2,"column":31},"end":{"line":4,"column":5}}},"1":{"name":"(anonymous_1)","decl":{"start":{"line":3,"column":35},"end":{"line":3,"column":36}},"loc":{"start":{"line":3,"column":48},"end":{"line":3,"column":74}}}},"branchMap":{},"s":{"0":4,"1":4,"2":1},"f":{"0":4,"1":4},"b":{}}
,"/Users/marcossilva/Documents/Udemy/Node/CLEAN-NODE-API/src/utils/email-validator-adapter.ts": {"path":"/Users/marcossilva/Documents/Udemy/Node/CLEAN-NODE-API/src/utils/email-validator-adapter.ts","statementMap":{"0":{"start":{"line":2,"column":0},"end":{"line":2,"column":34}},"1":{"start":{"line":6,"column":8},"end":{"line":6,"column":40}},"2":{"start":{"line":4,"column":0},"end":{"line":4,"column":13}}},"fnMap":{"0":{"name":"(anonymous_1)","decl":{"start":{"line":5,"column":4},"end":{"line":5,"column":11}},"loc":{"start":{"line":5,"column":25},"end":{"line":7,"column":5}}}},"branchMap":{},"s":{"0":1,"1":3,"2":1},"f":{"0":3},"b":{}}
}
