{"/Users/marcossilva/Documents/Udemy/Node/CLEAN-NODE-API/src/data/usecases/db-add-account.ts": {"path":"/Users/marcossilva/Documents/Udemy/Node/CLEAN-NODE-API/src/data/usecases/db-add-account.ts","statementMap":{"0":{"start":{"line":6,"column":24},"end":{"line":6,"column":44}},"1":{"start":{"line":9,"column":8},"end":{"line":9,"column":55}},"2":{"start":{"line":10,"column":8},"end":{"line":10,"column":69}},"3":{"start":{"line":10,"column":54},"end":{"line":10,"column":67}},"4":{"start":{"line":5,"column":0},"end":{"line":5,"column":13}}},"fnMap":{"0":{"name":"(anonymous_0)","decl":{"start":{"line":6,"column":4},"end":{"line":6,"column":24}},"loc":{"start":{"line":6,"column":44},"end":{"line":6,"column":48}}},"1":{"name":"(anonymous_1)","decl":{"start":{"line":8,"column":4},"end":{"line":8,"column":9}},"loc":{"start":{"line":8,"column":39},"end":{"line":11,"column":5}}},"2":{"name":"(anonymous_2)","decl":{"start":{"line":10,"column":41},"end":{"line":10,"column":42}},"loc":{"start":{"line":10,"column":54},"end":{"line":10,"column":67}}}},"branchMap":{},"s":{"0":2,"1":2,"2":1,"3":1,"4":1},"f":{"0":2,"1":2,"2":1},"b":{}}
,"/Users/marcossilva/Documents/Udemy/Node/CLEAN-NODE-API/src/presentation/controllers/signup/signup.ts": {"path":"/Users/marcossilva/Documents/Udemy/Node/CLEAN-NODE-API/src/presentation/controllers/signup/signup.ts","statementMap":{"0":{"start":{"line":2,"column":0},"end":{"line":2,"column":70}},"1":{"start":{"line":3,"column":0},"end":{"line":3,"column":66}},"2":{"start":{"line":7,"column":33},"end":{"line":7,"column":63}},"3":{"start":{"line":7,"column":82},"end":{"line":7,"column":104}},"4":{"start":{"line":10,"column":8},"end":{"line":40,"column":9}},"5":{"start":{"line":11,"column":66},"end":{"line":11,"column":82}},"6":{"start":{"line":13,"column":35},"end":{"line":13,"column":88}},"7":{"start":{"line":15,"column":12},"end":{"line":19,"column":13}},"8":{"start":{"line":16,"column":16},"end":{"line":18,"column":17}},"9":{"start":{"line":17,"column":20},"end":{"line":17,"column":68}},"10":{"start":{"line":21,"column":12},"end":{"line":23,"column":13}},"11":{"start":{"line":22,"column":16},"end":{"line":22,"column":83}},"12":{"start":{"line":25,"column":28},"end":{"line":25,"column":62}},"13":{"start":{"line":27,"column":12},"end":{"line":29,"column":13}},"14":{"start":{"line":28,"column":16},"end":{"line":28,"column":68}},"15":{"start":{"line":31,"column":28},"end":{"line":35,"column":14}},"16":{"start":{"line":37,"column":11},"end":{"line":37,"column":30}},"17":{"start":{"line":39,"column":12},"end":{"line":39,"column":33}},"18":{"start":{"line":5,"column":0},"end":{"line":5,"column":13}}},"fnMap":{"0":{"name":"(anonymous_0)","decl":{"start":{"line":7,"column":4},"end":{"line":7,"column":33}},"loc":{"start":{"line":7,"column":104},"end":{"line":7,"column":109}}},"1":{"name":"(anonymous_1)","decl":{"start":{"line":9,"column":4},"end":{"line":9,"column":9}},"loc":{"start":{"line":9,"column":41},"end":{"line":41,"column":5}}}},"branchMap":{"0":{"loc":{"start":{"line":16,"column":16},"end":{"line":18,"column":17}},"type":"if","locations":[{"start":{"line":16,"column":16},"end":{"line":18,"column":17}},{"start":{},"end":{}}]},"1":{"loc":{"start":{"line":21,"column":12},"end":{"line":23,"column":13}},"type":"if","locations":[{"start":{"line":21,"column":12},"end":{"line":23,"column":13}},{"start":{},"end":{}}]},"2":{"loc":{"start":{"line":27,"column":12},"end":{"line":29,"column":13}},"type":"if","locations":[{"start":{"line":27,"column":12},"end":{"line":29,"column":13}},{"start":{},"end":{}}]}},"s":{"0":1,"1":1,"2":11,"3":11,"4":11,"5":11,"6":11,"7":11,"8":38,"9":4,"10":7,"11":1,"12":6,"13":5,"14":1,"15":4,"16":3,"17":2,"18":1},"f":{"0":11,"1":11},"b":{"0":[4,34],"1":[1,6],"2":[1,4]}}
,"/Users/marcossilva/Documents/Udemy/Node/CLEAN-NODE-API/src/presentation/errors/index.ts": {"path":"/Users/marcossilva/Documents/Udemy/Node/CLEAN-NODE-API/src/presentation/errors/index.ts","statementMap":{"0":{"start":{"line":1,"column":0},"end":{"line":1,"column":37}},"1":{"start":{"line":2,"column":0},"end":{"line":2,"column":37}},"2":{"start":{"line":3,"column":0},"end":{"line":3,"column":30}}},"fnMap":{},"branchMap":{},"s":{"0":1,"1":1,"2":1},"f":{},"b":{}}
,"/Users/marcossilva/Documents/Udemy/Node/CLEAN-NODE-API/src/presentation/errors/invalid-param-error.ts": {"path":"/Users/marcossilva/Documents/Udemy/Node/CLEAN-NODE-API/src/presentation/errors/invalid-param-error.ts","statementMap":{"0":{"start":{"line":3,"column":8},"end":{"line":3,"column":45}},"1":{"start":{"line":4,"column":8},"end":{"line":4,"column":40}},"2":{"start":{"line":1,"column":0},"end":{"line":1,"column":13}}},"fnMap":{"0":{"name":"(anonymous_0)","decl":{"start":{"line":2,"column":4},"end":{"line":2,"column":16}},"loc":{"start":{"line":2,"column":33},"end":{"line":5,"column":5}}}},"branchMap":{},"s":{"0":4,"1":4,"2":1},"f":{"0":4},"b":{}}
,"/Users/marcossilva/Documents/Udemy/Node/CLEAN-NODE-API/src/presentation/errors/missing-param-error.ts": {"path":"/Users/marcossilva/Documents/Udemy/Node/CLEAN-NODE-API/src/presentation/errors/missing-param-error.ts","statementMap":{"0":{"start":{"line":3,"column":8},"end":{"line":3,"column":45}},"1":{"start":{"line":4,"column":8},"end":{"line":4,"column":40}},"2":{"start":{"line":1,"column":0},"end":{"line":1,"column":13}}},"fnMap":{"0":{"name":"(anonymous_0)","decl":{"start":{"line":2,"column":4},"end":{"line":2,"column":16}},"loc":{"start":{"line":2,"column":33},"end":{"line":5,"column":5}}}},"branchMap":{},"s":{"0":8,"1":8,"2":1},"f":{"0":8},"b":{}}
,"/Users/marcossilva/Documents/Udemy/Node/CLEAN-NODE-API/src/presentation/errors/server-error.ts": {"path":"/Users/marcossilva/Documents/Udemy/Node/CLEAN-NODE-API/src/presentation/errors/server-error.ts","statementMap":{"0":{"start":{"line":3,"column":8},"end":{"line":3,"column":39}},"1":{"start":{"line":4,"column":8},"end":{"line":4,"column":34}},"2":{"start":{"line":1,"column":0},"end":{"line":1,"column":13}}},"fnMap":{"0":{"name":"(anonymous_0)","decl":{"start":{"line":2,"column":4},"end":{"line":2,"column":null}},"loc":{"start":{"line":2,"column":4},"end":{"line":5,"column":5}}}},"branchMap":{},"s":{"0":4,"1":4,"2":1},"f":{"0":4},"b":{}}
,"/Users/marcossilva/Documents/Udemy/Node/CLEAN-NODE-API/src/presentation/helpers/http-helper.ts": {"path":"/Users/marcossilva/Documents/Udemy/Node/CLEAN-NODE-API/src/presentation/helpers/http-helper.ts","statementMap":{"0":{"start":{"line":2,"column":0},"end":{"line":2,"column":38}},"1":{"start":{"line":4,"column":26},"end":{"line":7,"column":2}},"2":{"start":{"line":4,"column":59},"end":{"line":7,"column":2}},"3":{"start":{"line":4,"column":13},"end":{"line":4,"column":26}},"4":{"start":{"line":10,"column":27},"end":{"line":13,"column":2}},"5":{"start":{"line":10,"column":48},"end":{"line":13,"column":2}},"6":{"start":{"line":10,"column":13},"end":{"line":10,"column":27}},"7":{"start":{"line":15,"column":18},"end":{"line":18,"column":2}},"8":{"start":{"line":15,"column":48},"end":{"line":18,"column":2}},"9":{"start":{"line":15,"column":13},"end":{"line":15,"column":18}}},"fnMap":{"0":{"name":"(anonymous_0)","decl":{"start":{"line":4,"column":26},"end":{"line":4,"column":27}},"loc":{"start":{"line":4,"column":59},"end":{"line":7,"column":2}}},"1":{"name":"(anonymous_1)","decl":{"start":{"line":10,"column":27},"end":{"line":10,"column":44}},"loc":{"start":{"line":10,"column":48},"end":{"line":13,"column":2}}},"2":{"name":"(anonymous_2)","decl":{"start":{"line":15,"column":18},"end":{"line":15,"column":19}},"loc":{"start":{"line":15,"column":48},"end":{"line":18,"column":2}}}},"branchMap":{},"s":{"0":1,"1":1,"2":6,"3":1,"4":1,"5":2,"6":1,"7":1,"8":3,"9":1},"f":{"0":6,"1":2,"2":3},"b":{}}
,"/Users/marcossilva/Documents/Udemy/Node/CLEAN-NODE-API/src/test/helpers/add-account-stub.ts": {"path":"/Users/marcossilva/Documents/Udemy/Node/CLEAN-NODE-API/src/test/helpers/add-account-stub.ts","statementMap":{"0":{"start":{"line":6,"column":28},"end":{"line":11,"column":10}},"1":{"start":{"line":13,"column":8},"end":{"line":13,"column":60}},"2":{"start":{"line":13,"column":38},"end":{"line":13,"column":58}},"3":{"start":{"line":4,"column":0},"end":{"line":4,"column":13}}},"fnMap":{"0":{"name":"(anonymous_0)","decl":{"start":{"line":5,"column":4},"end":{"line":5,"column":9}},"loc":{"start":{"line":5,"column":39},"end":{"line":14,"column":5}}},"1":{"name":"(anonymous_1)","decl":{"start":{"line":13,"column":27},"end":{"line":13,"column":34}},"loc":{"start":{"line":13,"column":38},"end":{"line":13,"column":58}}}},"branchMap":{},"s":{"0":3,"1":3,"2":3,"3":1},"f":{"0":3,"1":3},"b":{}}
,"/Users/marcossilva/Documents/Udemy/Node/CLEAN-NODE-API/src/test/helpers/email-validator-stub.ts": {"path":"/Users/marcossilva/Documents/Udemy/Node/CLEAN-NODE-API/src/test/helpers/email-validator-stub.ts","statementMap":{"0":{"start":{"line":5,"column":8},"end":{"line":5,"column":20}},"1":{"start":{"line":3,"column":0},"end":{"line":3,"column":13}}},"fnMap":{"0":{"name":"(anonymous_0)","decl":{"start":{"line":4,"column":4},"end":{"line":4,"column":11}},"loc":{"start":{"line":4,"column":26},"end":{"line":6,"column":5}}}},"branchMap":{},"s":{"0":4,"1":1},"f":{"0":4},"b":{}}
,"/Users/marcossilva/Documents/Udemy/Node/CLEAN-NODE-API/src/test/helpers/encrypter-stub.ts": {"path":"/Users/marcossilva/Documents/Udemy/Node/CLEAN-NODE-API/src/test/helpers/encrypter-stub.ts","statementMap":{"0":{"start":{"line":3,"column":8},"end":{"line":3,"column":73}},"1":{"start":{"line":3,"column":48},"end":{"line":3,"column":71}},"2":{"start":{"line":1,"column":0},"end":{"line":1,"column":13}}},"fnMap":{"0":{"name":"(anonymous_0)","decl":{"start":{"line":2,"column":4},"end":{"line":2,"column":9}},"loc":{"start":{"line":2,"column":31},"end":{"line":4,"column":5}}},"1":{"name":"(anonymous_1)","decl":{"start":{"line":3,"column":35},"end":{"line":3,"column":36}},"loc":{"start":{"line":3,"column":48},"end":{"line":3,"column":71}}}},"branchMap":{},"s":{"0":1,"1":1,"2":1},"f":{"0":1,"1":1},"b":{}}
,"/Users/marcossilva/Documents/Udemy/Node/CLEAN-NODE-API/src/utils/email-validator-adapter.ts": {"path":"/Users/marcossilva/Documents/Udemy/Node/CLEAN-NODE-API/src/utils/email-validator-adapter.ts","statementMap":{"0":{"start":{"line":2,"column":0},"end":{"line":2,"column":34}},"1":{"start":{"line":6,"column":8},"end":{"line":6,"column":40}},"2":{"start":{"line":4,"column":0},"end":{"line":4,"column":13}}},"fnMap":{"0":{"name":"(anonymous_1)","decl":{"start":{"line":5,"column":4},"end":{"line":5,"column":11}},"loc":{"start":{"line":5,"column":25},"end":{"line":7,"column":5}}}},"branchMap":{},"s":{"0":1,"1":3,"2":1},"f":{"0":3},"b":{}}
}
