TN:
SF:src/data/usecases/add-account/add-account.ts
FN:5,(anonymous_0)
FN:13,(anonymous_1)
FNF:2
FNH:2
FNDA:3,(anonymous_0)
FNDA:3,(anonymous_1)
DA:4,1
DA:6,3
DA:13,3
LF:3
LH:3
BRF:0
BRH:0
end_of_record
TN:
SF:src/data/usecases/add-account/db-add-account.ts
FN:5,(anonymous_0)
FN:7,(anonymous_1)
FNF:2
FNH:2
FNDA:9,(anonymous_0)
FNDA:6,(anonymous_1)
DA:4,5
DA:5,9
DA:8,6
DA:9,5
LF:4
LH:4
BRF:0
BRH:0
end_of_record
TN:
SF:src/infra/criptography/bcrypt-adapter.ts
FN:5,(anonymous_1)
FN:6,(anonymous_2)
FNF:2
FNH:2
FNDA:7,(anonymous_1)
FNDA:4,(anonymous_2)
DA:2,5
DA:4,5
DA:5,7
DA:7,4
LF:4
LH:4
BRF:0
BRH:0
end_of_record
TN:
SF:src/infra/db/mongodb/account-repository/accounts.ts
FN:7,(anonymous_0)
FNF:1
FNH:0
FNDA:0,(anonymous_0)
DA:4,0
DA:6,0
DA:8,0
DA:9,0
DA:10,0
DA:11,0
LF:6
LH:0
BRF:0
BRH:0
end_of_record
TN:
SF:src/infra/db/mongodb/helpers/mongo-helper.ts
FN:8,(anonymous_0)
FN:13,(anonymous_1)
FN:18,(anonymous_2)
FN:25,(anonymous_3)
FNF:4
FNH:3
FNDA:3,(anonymous_0)
FNDA:1,(anonymous_1)
FNDA:2,(anonymous_2)
FNDA:0,(anonymous_3)
DA:1,1
DA:4,1
DA:9,3
DA:10,3
DA:14,1
DA:15,1
DA:19,2
DA:20,2
DA:22,2
DA:26,0
DA:27,0
LF:11
LH:9
BRDA:19,0,0,2
BRDA:19,0,1,0
BRF:2
BRH:1
end_of_record
TN:
SF:src/infra/db/mongodb/log-repository/logMongoRepository.ts
FN:5,(anonymous_0)
FNF:1
FNH:0
FNDA:0,(anonymous_0)
DA:2,0
DA:4,0
DA:6,0
DA:7,0
LF:4
LH:0
BRF:0
BRH:0
end_of_record
TN:
SF:src/infra/db/mysql/account-repository/accounts.ts
FN:7,(anonymous_0)
FNF:1
FNH:1
FNDA:2,(anonymous_0)
DA:4,5
DA:6,5
DA:8,2
DA:9,2
DA:10,2
DA:11,2
LF:6
LH:6
BRF:0
BRH:0
end_of_record
TN:
SF:src/infra/db/mysql/helpers/mysql-helper.ts
FN:6,(anonymous_1)
FN:10,(anonymous_2)
FN:17,(anonymous_3)
FNF:3
FNH:3
FNDA:3,(anonymous_1)
FNDA:3,(anonymous_2)
FNDA:7,(anonymous_3)
DA:1,6
DA:3,6
DA:7,3
DA:11,3
DA:12,3
DA:14,3
DA:18,7
DA:19,7
LF:8
LH:8
BRDA:11,0,0,3
BRDA:11,0,1,0
BRF:2
BRH:1
end_of_record
TN:
SF:src/infra/db/mysql/log-repository/log-repository.ts
FN:5,(anonymous_0)
FNF:1
FNH:1
FNDA:1,(anonymous_0)
DA:2,5
DA:4,5
DA:6,1
DA:7,1
LF:4
LH:4
BRF:0
BRH:0
end_of_record
TN:
SF:src/main/server.ts
FN:5,(anonymous_10)
FN:6,(anonymous_11)
FN:7,(anonymous_12)
FNF:3
FNH:0
FNDA:0,(anonymous_10)
FNDA:0,(anonymous_11)
FNDA:0,(anonymous_12)
DA:2,0
DA:3,0
DA:5,0
DA:6,0
DA:7,0
LF:5
LH:0
BRF:0
BRH:0
end_of_record
TN:
SF:src/main/adapters/express-routes-adapter.ts
FN:4,(anonymous_0)
FN:5,(anonymous_1)
FNF:2
FNH:2
FNDA:4,(anonymous_0)
FNDA:1,(anonymous_1)
DA:4,4
DA:5,4
DA:6,1
DA:9,1
DA:11,1
DA:12,0
DA:17,1
LF:7
LH:6
BRDA:11,0,0,0
BRDA:11,0,1,1
BRF:2
BRH:1
end_of_record
TN:
SF:src/main/config/app.ts
FNF:0
FNH:0
DA:1,4
DA:2,4
DA:3,4
DA:5,4
DA:6,4
DA:7,4
DA:8,4
LF:7
LH:7
BRF:0
BRH:0
end_of_record
TN:
SF:src/main/config/middlewares.ts
FN:4,(anonymous_0)
FNF:1
FNH:1
FNDA:4,(anonymous_0)
DA:2,4
DA:4,4
DA:5,4
DA:6,4
DA:7,4
LF:5
LH:5
BRF:0
BRH:0
end_of_record
TN:
SF:src/main/config/routes.ts
FN:4,(anonymous_10)
FN:7,(anonymous_11)
FN:7,(anonymous_12)
FNF:3
FNH:3
FNDA:4,(anonymous_10)
FNDA:4,(anonymous_11)
FNDA:4,(anonymous_12)
DA:1,4
DA:2,4
DA:4,4
DA:5,4
DA:6,4
DA:7,4
LF:6
LH:6
BRF:0
BRH:0
end_of_record
TN:
SF:src/main/decorators/log.ts
FN:5,(anonymous_0)
FN:7,(anonymous_1)
FNF:2
FNH:2
FNDA:7,(anonymous_0)
FNDA:4,(anonymous_1)
DA:4,5
DA:5,7
DA:8,4
DA:9,4
DA:10,1
DA:11,1
DA:14,4
LF:7
LH:7
BRDA:9,0,0,1
BRDA:9,0,1,3
BRF:2
BRH:2
end_of_record
TN:
SF:src/main/factories/signup.ts
FN:10,(anonymous_0)
FNF:1
FNH:1
FNDA:4,(anonymous_0)
DA:1,4
DA:2,4
DA:3,4
DA:4,4
DA:5,4
DA:7,4
DA:8,4
DA:10,4
DA:11,4
DA:12,4
DA:13,4
DA:14,4
DA:15,4
DA:16,4
DA:17,4
DA:18,4
LF:16
LH:16
BRF:0
BRH:0
end_of_record
TN:
SF:src/main/middlewares/body-parser.ts
FNF:0
FNH:0
DA:1,4
DA:3,4
LF:2
LH:2
BRF:0
BRH:0
end_of_record
TN:
SF:src/main/middlewares/content-type.ts
FN:3,(anonymous_0)
FNF:1
FNH:1
FNDA:5,(anonymous_0)
DA:3,4
DA:4,5
DA:5,5
LF:3
LH:3
BRF:0
BRH:0
end_of_record
TN:
SF:src/main/middlewares/cors.ts
FN:3,(anonymous_0)
FNF:1
FNH:1
FNDA:5,(anonymous_0)
DA:3,4
DA:4,5
DA:5,5
DA:6,5
DA:7,5
LF:5
LH:5
BRF:0
BRH:0
end_of_record
TN:
SF:src/main/middlewares/index.ts
FNF:0
FNH:0
DA:1,4
DA:2,4
DA:3,4
LF:3
LH:3
BRF:0
BRH:0
end_of_record
TN:
SF:src/main/routes/signup-routes.ts
FN:5,(anonymous_0)
FNF:1
FNH:1
FNDA:4,(anonymous_0)
DA:2,4
DA:3,4
DA:5,4
DA:6,4
LF:4
LH:4
BRF:0
BRH:0
end_of_record
TN:
SF:src/presentation/controllers/login/login.ts
FN:6,(anonymous_0)
FN:8,(anonymous_1)
FNF:2
FNH:2
FNDA:9,(anonymous_0)
FNDA:9,(anonymous_1)
DA:2,1
DA:3,1
DA:5,1
DA:6,9
DA:9,9
DA:10,9
DA:11,9
DA:13,9
DA:14,17
DA:15,2
DA:19,7
DA:21,6
DA:22,1
DA:25,5
DA:26,4
DA:27,1
DA:30,3
DA:33,2
LF:18
LH:18
BRDA:14,0,0,2
BRDA:14,0,1,15
BRDA:21,1,0,1
BRDA:21,1,1,5
BRDA:26,2,0,1
BRDA:26,2,1,3
BRF:6
BRH:6
end_of_record
TN:
SF:src/presentation/controllers/signup/signup.ts
FN:7,(anonymous_0)
FN:9,(anonymous_1)
FNF:2
FNH:2
FNDA:15,(anonymous_0)
FNDA:12,(anonymous_1)
DA:2,5
DA:3,5
DA:5,5
DA:7,15
DA:10,12
DA:11,12
DA:13,12
DA:15,12
DA:16,42
DA:17,4
DA:21,8
DA:22,1
DA:25,7
DA:27,6
DA:28,1
DA:31,5
DA:37,4
DA:39,2
LF:18
LH:18
BRDA:16,0,0,4
BRDA:16,0,1,38
BRDA:21,1,0,1
BRDA:21,1,1,7
BRDA:27,2,0,1
BRDA:27,2,1,5
BRF:6
BRH:6
end_of_record
TN:
SF:src/presentation/errors/index.ts
FNF:0
FNH:0
DA:1,7
DA:2,7
DA:3,7
DA:4,7
LF:4
LH:4
BRF:0
BRH:0
end_of_record
TN:
SF:src/presentation/errors/invalid-param-error.ts
FN:2,(anonymous_0)
FNF:1
FNH:1
FNDA:6,(anonymous_0)
DA:1,7
DA:3,6
DA:4,6
LF:3
LH:3
BRF:0
BRH:0
end_of_record
TN:
SF:src/presentation/errors/missing-param-error.ts
FN:2,(anonymous_0)
FNF:1
FNH:1
FNDA:12,(anonymous_0)
DA:1,7
DA:3,12
DA:4,12
LF:3
LH:3
BRF:0
BRH:0
end_of_record
TN:
SF:src/presentation/errors/server-error.ts
FN:2,(anonymous_0)
FNF:1
FNH:1
FNDA:11,(anonymous_0)
DA:1,7
DA:3,11
DA:4,11
DA:5,11
LF:4
LH:4
BRF:0
BRH:0
end_of_record
TN:
SF:src/presentation/errors/unsuthorized-error.ts
FN:2,(anonymous_0)
FNF:1
FNH:1
FNDA:2,(anonymous_0)
DA:1,7
DA:3,2
DA:4,2
LF:3
LH:3
BRF:0
BRH:0
end_of_record
TN:
SF:src/presentation/helpers/http-helper.ts
FN:5,(anonymous_0)
FN:11,(anonymous_1)
FN:16,(anonymous_2)
FN:21,(anonymous_3)
FNF:4
FNH:4
FNDA:17,(anonymous_0)
FNDA:9,(anonymous_1)
FNDA:9,(anonymous_2)
FNDA:2,(anonymous_3)
DA:2,7
DA:3,7
DA:5,17
DA:11,9
DA:16,9
DA:21,7
LF:6
LH:6
BRF:0
BRH:0
end_of_record
TN:
SF:src/tests/helpers/add-account-repository-stub.ts
FN:5,(anonymous_0)
FN:12,(anonymous_1)
FNF:2
FNH:2
FNDA:3,(anonymous_0)
FNDA:3,(anonymous_1)
DA:4,1
DA:6,3
DA:12,3
LF:3
LH:3
BRF:0
BRH:0
end_of_record
TN:
SF:src/tests/helpers/controller-decorator-stub.ts
FN:4,(anonymous_0)
FN:14,(anonymous_1)
FNF:2
FNH:2
FNDA:2,(anonymous_0)
FNDA:2,(anonymous_1)
DA:3,1
DA:5,2
DA:14,2
LF:3
LH:3
BRF:0
BRH:0
end_of_record
TN:
SF:src/tests/helpers/email-validator-stub.ts
FN:4,(anonymous_0)
FNF:1
FNH:1
FNDA:4,(anonymous_0)
DA:3,1
DA:5,4
LF:2
LH:2
BRF:0
BRH:0
end_of_record
TN:
SF:src/tests/helpers/encrypter-stub.ts
FN:2,(anonymous_0)
FN:3,(anonymous_1)
FNF:2
FNH:2
FNDA:4,(anonymous_0)
FNDA:4,(anonymous_1)
DA:1,1
DA:3,4
LF:2
LH:2
BRF:0
BRH:0
end_of_record
TN:
SF:src/tests/helpers/log-error-repository.ts
FN:4,(anonymous_0)
FN:5,(anonymous_1)
FNF:2
FNH:2
FNDA:1,(anonymous_0)
FNDA:1,(anonymous_1)
DA:3,1
DA:5,1
LF:2
LH:2
BRF:0
BRH:0
end_of_record
TN:
SF:src/utils/email-validator-adapter.ts
FN:5,(anonymous_1)
FNF:1
FNH:1
FNDA:4,(anonymous_1)
DA:2,5
DA:4,5
DA:6,4
LF:3
LH:3
BRF:0
BRH:0
end_of_record
